<?xml version="1.0" encoding="UTF-8"?>
<!-- Generated by org.testng.reporters.JUnitReportReporter -->
<testsuite hostname="CanberKeytorc" name="com.browser.stack.AmazonSearchTest" tests="3" failures="0" timestamp="7 Feb 2016 10:24:45 GMT" time="19.224" errors="0">
  <testcase name="searchProduct" time="4.539" classname="com.browser.stack.AmazonSearchTest"/>
  <testcase name="searchProduct" time="4.916" classname="com.browser.stack.AmazonSearchTest"/>
  <testcase name="searchProduct" time="9.769" classname="com.browser.stack.AmazonSearchTest"/>
</testsuite> <!-- com.browser.stack.AmazonSearchTest -->
