<?xml version="1.0" encoding="UTF-8"?>
<!-- Generated by org.testng.reporters.JUnitReportReporter -->
<testsuite hostname="CanberKeytorc" name="com.bilyoner.Stack.AmazonSearchTest" tests="3" failures="0" timestamp="7 Feb 2016 10:14:32 GMT" time="25.003" errors="0">
  <testcase name="searchProduct" time="7.057" classname="com.bilyoner.Stack.AmazonSearchTest"/>
  <testcase name="searchProduct" time="8.612" classname="com.bilyoner.Stack.AmazonSearchTest"/>
  <testcase name="searchProduct" time="9.334" classname="com.bilyoner.Stack.AmazonSearchTest"/>
</testsuite> <!-- com.bilyoner.Stack.AmazonSearchTest -->
